-Ako playlist zapocinje s unavailable videom bot spama now playing beskonacno
-Search cache neradi ako je u imenu searcha invalid charachter za imenovanje windows file-a

-Vito play home of the strange young the giant
Ignoring exception in command play:
Traceback (most recent call last):
  File "/home/vitoc/.local/lib/python3.10/site-packages/discord/ext/commands/core.py", line 85, in wrapped
    ret = await coro(*args, **kwargs)
  File "/home/vitoc/Documents/VMB/Vito's Music Bot.py", line 399, in play
    search = functions.youtube_searchGOOD(search)
  File "/home/vitoc/Documents/VMB/functions.py", line 141, in youtube_searchGOOD
    search_url = "https://www.youtube.com/watch?v="+response['items'][0]['id']['videoId']
KeyError: 'videoId'

The above exception was the direct cause of the following exception:

Traceback (most recent call last):
  File "/home/vitoc/.local/lib/python3.10/site-packages/discord/ext/commands/bot.py", line 939, in invoke
    await ctx.command.invoke(ctx)
  File "/home/vitoc/.local/lib/python3.10/site-packages/discord/ext/commands/core.py", line 863, in invoke
    await injected(*ctx.args, **ctx.kwargs)
  File "/home/vitoc/.local/lib/python3.10/site-packages/discord/ext/commands/core.py", line 94, in wrapped
    raise CommandInvokeError(exc) from exc
discord.ext.commands.errors.CommandInvokeError: Command raised an exception: KeyError: 'videoId'


Captain Corgi — Today at 9:26 PM
Vito play cant do everything everything
Vito's Music Bot
BOT
 — Today at 9:26 PM
Queued: Everything Everything - Can&#39;t Do (Official Video)

' je zamjenjen
